<?xml version="1.0" encoding="UTF-8"?>
<testsuite name="com.revature.app.App_01Test" tests="1" skipped="0" failures="0" errors="0" timestamp="2022-01-19T15:28:31" hostname="DESKTOP-4QNAABO" time="0.024">
  <properties/>
  <testcase name="sayHello()" classname="com.revature.app.App_01Test" time="0.024"/>
  <system-out><![CDATA[]]></system-out>
  <system-err><![CDATA[]]></system-err>
</testsuite>
